        -:    0:Source:attack.c
        -:    0:Graph:attack.gcno
        -:    0:Data:attack.gcda
        -:    0:Runs:1
        -:    0:Programs:1
        -:    1:#include <stdbool.h>
        -:    2:#include <stdio.h>
        -:    3:#include "object.h"
        -:    4:#include "misc.h"
        -:    5:#include "match.h"
        -:    6:#include "noun.h"
        -:    7:#include "reach.h"
        -:    8:#include "damage.h"
        -:    9:
    #####:   10:static OBJECT *victimHere()
        -:   11:{
    #####:   12:   OBJECT *victim = actorHere();
    #####:   13:   if (victim == NULL)
        -:   14:   {
    #####:   15:      printf("There is nobody here to attack.\n");
    #####:   16:   }
    #####:   17:   return victim;
        -:   18:}
        -:   19:
        2:   20:int executeAttack(void)
        -:   21:{
        2:   22:   OBJECT *victim =
        2:   23:      *params[0] == '\0' ? victimHere()
        2:   24:                         : reachableObject("who to attack", params[0]);
        2:   25:   if (victim != NULL)
        -:   26:   {
        2:   27:      OBJECT *weapon =
        2:   28:         *params[1] == '\0' ? getOptimalWeapon(player)
    #####:   29:                            : getPossession(player, "wield", params[1]);
        2:   30:      if (weapon != NULL)
        -:   31:      {
        2:   32:         dealDamage(player, weapon, victim);
        2:   33:         return 1;
        -:   34:      }
    #####:   35:   }
    #####:   36:   return 0;
        2:   37:}
