        -:    0:Source:object.c
        -:    0:Graph:object.gcno
        -:    0:Data:object.gcda
        -:    0:Runs:1
        -:    0:Programs:1
        -:    1:#include <stdbool.h>
        -:    2:#include <stdio.h>
        -:    3:#include "object.h"
        -:    4:#include "toggle.h"
        -:    5:static const char *tags0[] = { "heaven", "little heaven", NULL};
        -:    6:static const char *tags1[] = { "portal", "respawn portal", NULL};
        -:    7:static const char *tags2[] = { "east", "west", "north", "south", NULL};
        -:    8:static const char *tags3[] = { "room", "waiting room", NULL};
        -:    9:static const char *tags4[] = { "wall", "east", "west", "north", "south", NULL};
        -:   10:static const char *tags5[] = { "nobody", NULL};
        -:   11:static const char *tags6[] = { "field", NULL};
        -:   12:static const char *tags7[] = { "cave", NULL};
        -:   13:static const char *tags8[] = { "silver", "coin", "silver coin", NULL};
        -:   14:static const char *tags9[] = { "gold", "coin", "gold coin", NULL};
        -:   15:static const char *tags10[] = { "guard", "burly guard", NULL};
        -:   16:static const char *tags11[] = { "jack", "warrior", "man", NULL};
        -:   17:static const char *tags12[] = { "jill", "valkyrie", "woman", NULL};
       46:   18:static bool condition13(void)  { return guard->health == 0 || silver->location == guard; }
        -:   19:static const char *tags13[] = { "east", "entrance", NULL};
       48:   20:static bool condition14(void)  { return guard->health > 0 && silver->location != guard; }
        -:   21:static const char *tags14[] = { "east", "entrance", NULL};
        -:   22:static const char *tags15[] = { "west", "exit", NULL};
        -:   23:static const char *tags16[] = { "west", "north", "south", "forest", NULL};
        -:   24:static const char *tags17[] = { "east", "north", "rock", NULL};
        -:   25:static const char *tags18[] = { "backroom", NULL};
        -:   26:static const char *tags19[] = { "east", "west", "south", "rock", NULL};
        -:   27:static const char *tags20[] = { "south", "door", "doorway", NULL};
        -:   28:static const char *tags21[] = { "south", "door", "doorway", NULL};
        -:   29:static const char *tags22[] = { "north", "door", "doorway", NULL};
        -:   30:static const char *tags23[] = { "north", "door", "doorway", NULL};
        -:   31:static const char *tags24[] = { "box", "wooden box", NULL};
        -:   32:static const char *tags25[] = { "box", "wooden box", NULL};
        -:   33:static const char *tags26[] = { "box", "wooden box", NULL};
        -:   34:static const char *tags27[] = { "key", "tiny key", NULL};
        -:   35:static const char *tags28[] = { "lamp", NULL};
        -:   36:static const char *tags29[] = { "lamp", NULL};
        -:   37:static const char *tags30[] = { "club", "wooden club", NULL};
        -:   38:static const char *tags31[] = { "dagger", NULL};
        -:   39:
     1626:   40:static bool alwaysTrue(void) { return true; }
        -:   41:
        -:   42:OBJECT objs[] = {
        -:   43:	{	/* 0 = heaven */
        -:   44:		alwaysTrue,
        -:   45:		 "little heaven",
        -:   46:		tags0,
        -:   47:		NULL,
        -:   48:		NULL,
        -:   49:		NULL,
        -:   50:		 "Everything looks so peaceful here.",
        -:   51:		"You see",
        -:   52:		"You can't get much closer than this.",
        -:   53:		 "It's where all the good adventurers go.",
        -:   54:		99,
        -:   55:		 9999,
        -:   56:		0,
        -:   57:		 100,
        -:   58:		0,
        -:   59:		0,
        -:   60:		cannotBeOpened,
        -:   61:		cannotBeClosed,
        -:   62:		cannotBeLocked,
        -:   63:		cannotBeUnlocked
        -:   64:	},
        -:   65:	{	/* 1 = respawn */
        -:   66:		alwaysTrue,
        -:   67:		 "a respawn portal",
        -:   68:		tags1,
        -:   69:		 heaven,
        -:   70:		 field,
        -:   71:		 field,
        -:   72:		 "Looks like a gateway into the unknown.",
        -:   73:		"You see",
        -:   74:		 "A bright flash of light, and you are back in the field.",
        -:   75:		"I know nothing about that.",
        -:   76:		99,
        -:   77:		0,
        -:   78:		0,
        -:   79:		0,
        -:   80:		0,
        -:   81:		0,
        -:   82:		 isAlreadyOpen,
        -:   83:		cannotBeClosed,
        -:   84:		cannotBeLocked,
        -:   85:		cannotBeUnlocked
        -:   86:	},
        -:   87:	{	/* 2 = heavenEWNS */
        -:   88:		alwaysTrue,
        -:   89:		 "nothing but peace and quiet",
        -:   90:		tags2,
        -:   91:		 heaven,
        -:   92:		NULL,
        -:   93:		NULL,
        -:   94:		"You see nothing special.",
        -:   95:		"You see",
        -:   96:		 "In this dimension, there are no directions.",
        -:   97:		 "It's just a compass direction.",
        -:   98:		99,
        -:   99:		0,
        -:  100:		0,
        -:  101:		0,
        -:  102:		0,
        -:  103:		0,
        -:  104:		cannotBeOpened,
        -:  105:		cannotBeClosed,
        -:  106:		cannotBeLocked,
        -:  107:		cannotBeUnlocked
        -:  108:	},
        -:  109:	{	/* 3 = waitingRoom */
        -:  110:		alwaysTrue,
        -:  111:		 "the waiting room",
        -:  112:		tags3,
        -:  113:		NULL,
        -:  114:		NULL,
        -:  115:		NULL,
        -:  116:		 "This is where everybody starts. Please enter: play YourName.",
        -:  117:		"You see",
        -:  118:		"You can't get much closer than this.",
        -:  119:		 "It's where all the bad adventurers have to stay.",
        -:  120:		99,
        -:  121:		 9999,
        -:  122:		0,
        -:  123:		 100,
        -:  124:		0,
        -:  125:		0,
        -:  126:		cannotBeOpened,
        -:  127:		cannotBeClosed,
        -:  128:		cannotBeLocked,
        -:  129:		cannotBeUnlocked
        -:  130:	},
        -:  131:	{	/* 4 = waitingRoomWall */
        -:  132:		alwaysTrue,
        -:  133:		 "walls all around you",
        -:  134:		tags4,
        -:  135:		 waitingRoom,
        -:  136:		NULL,
        -:  137:		NULL,
        -:  138:		 "Written on the wall, it says: play Jack or play Jill.",
        -:  139:		"You see",
        -:  140:		 "You cannot go anywhere.",
        -:  141:		"I know nothing about that.",
        -:  142:		99,
        -:  143:		0,
        -:  144:		0,
        -:  145:		0,
        -:  146:		0,
        -:  147:		0,
        -:  148:		cannotBeOpened,
        -:  149:		cannotBeClosed,
        -:  150:		cannotBeLocked,
        -:  151:		cannotBeUnlocked
        -:  152:	},
        -:  153:	{	/* 5 = nobody */
        -:  154:		alwaysTrue,
        -:  155:		 "nobody",
        -:  156:		tags5,
        -:  157:		 waitingRoom,
        -:  158:		NULL,
        -:  159:		NULL,
        -:  160:		 "You are nobody. Please enter: play xxx",
        -:  161:		 "You have",
        -:  162:		"You can't get much closer than this.",
        -:  163:		"I know nothing about that.",
        -:  164:		99,
        -:  165:		 1,
        -:  166:		 100,
        -:  167:		0,
        -:  168:		0,
        -:  169:		0,
        -:  170:		cannotBeOpened,
        -:  171:		cannotBeClosed,
        -:  172:		cannotBeLocked,
        -:  173:		cannotBeUnlocked
        -:  174:	},
        -:  175:	{	/* 6 = field */
        -:  176:		alwaysTrue,
        -:  177:		 "an open field",
        -:  178:		tags6,
        -:  179:		NULL,
        -:  180:		NULL,
        -:  181:		NULL,
        -:  182:		 "The field is a nice and quiet place under a clear blue sky.",
        -:  183:		"You see",
        -:  184:		"You can't get much closer than this.",
        -:  185:		 "A lot of tourists go there.",
        -:  186:		99,
        -:  187:		 9999,
        -:  188:		0,
        -:  189:		 100,
        -:  190:		0,
        -:  191:		0,
        -:  192:		cannotBeOpened,
        -:  193:		cannotBeClosed,
        -:  194:		cannotBeLocked,
        -:  195:		cannotBeUnlocked
        -:  196:	},
        -:  197:	{	/* 7 = cave */
        -:  198:		alwaysTrue,
        -:  199:		 "a little cave",
        -:  200:		tags7,
        -:  201:		NULL,
        -:  202:		NULL,
        -:  203:		NULL,
        -:  204:		 "The cave is just a cold, damp, rocky chamber.",
        -:  205:		"You see",
        -:  206:		"You can't get much closer than this.",
        -:  207:		 "It's dark in there; bring a lamp!",
        -:  208:		99,
        -:  209:		 9999,
        -:  210:		0,
        -:  211:		0,
        -:  212:		0,
        -:  213:		0,
        -:  214:		cannotBeOpened,
        -:  215:		cannotBeClosed,
        -:  216:		cannotBeLocked,
        -:  217:		cannotBeUnlocked
        -:  218:	},
        -:  219:	{	/* 8 = silver */
        -:  220:		alwaysTrue,
        -:  221:		 "a silver coin",
        -:  222:		tags8,
        -:  223:		 field,
        -:  224:		NULL,
        -:  225:		NULL,
        -:  226:		 "The coin has an eagle on the obverse.",
        -:  227:		"You see",
        -:  228:		"You can't get much closer than this.",
        -:  229:		 "Money makes the world go round...",
        -:  230:		 1,
        -:  231:		0,
        -:  232:		0,
        -:  233:		0,
        -:  234:		0,
        -:  235:		0,
        -:  236:		cannotBeOpened,
        -:  237:		cannotBeClosed,
        -:  238:		cannotBeLocked,
        -:  239:		cannotBeUnlocked
        -:  240:	},
        -:  241:	{	/* 9 = gold */
        -:  242:		alwaysTrue,
        -:  243:		 "a gold coin",
        -:  244:		tags9,
        -:  245:		 openBox,
        -:  246:		NULL,
        -:  247:		NULL,
        -:  248:		 "The shiny coin seems to be a rare and priceless artefact.",
        -:  249:		"You see",
        -:  250:		"You can't get much closer than this.",
        -:  251:		 "Money makes the world go round...",
        -:  252:		 1,
        -:  253:		0,
        -:  254:		0,
        -:  255:		0,
        -:  256:		0,
        -:  257:		0,
        -:  258:		cannotBeOpened,
        -:  259:		cannotBeClosed,
        -:  260:		cannotBeLocked,
        -:  261:		cannotBeUnlocked
        -:  262:	},
        -:  263:	{	/* 10 = guard */
        -:  264:		alwaysTrue,
        -:  265:		 "a burly guard",
        -:  266:		tags10,
        -:  267:		 field,
        -:  268:		NULL,
        -:  269:		NULL,
        -:  270:		 "The guard is a really big fellow.",
        -:  271:		 "He has",
        -:  272:		"You can't get much closer than this.",
        -:  273:		 "Easy to bribe...",
        -:  274:		99,
        -:  275:		 20,
        -:  276:		 100,
        -:  277:		0,
        -:  278:		 -1,
        -:  279:		0,
        -:  280:		cannotBeOpened,
        -:  281:		cannotBeClosed,
        -:  282:		cannotBeLocked,
        -:  283:		cannotBeUnlocked
        -:  284:	},
        -:  285:	{	/* 11 = jack */
        -:  286:		alwaysTrue,
        -:  287:		 "Jack",
        -:  288:		tags11,
        -:  289:		 field,
        -:  290:		NULL,
        -:  291:		NULL,
        -:  292:		 "Jack is a fearsome warrior.",
        -:  293:		 "Jack has",
        -:  294:		"You can't get much closer than this.",
        -:  295:		 "Jack is a fearsome warrior.",
        -:  296:		99,
        -:  297:		 20,
        -:  298:		 100,
        -:  299:		0,
        -:  300:		 -1,
        -:  301:		0,
        -:  302:		cannotBeOpened,
        -:  303:		cannotBeClosed,
        -:  304:		cannotBeLocked,
        -:  305:		cannotBeUnlocked
        -:  306:	},
        -:  307:	{	/* 12 = jill */
        -:  308:		alwaysTrue,
        -:  309:		 "Jill",
        -:  310:		tags12,
        -:  311:		 field,
        -:  312:		NULL,
        -:  313:		NULL,
        -:  314:		 "Jill is a vicious valkyrie.",
        -:  315:		 "Jill has",
        -:  316:		"You can't get much closer than this.",
        -:  317:		 "Jill is a vicious valkyrie.",
        -:  318:		99,
        -:  319:		 20,
        -:  320:		 100,
        -:  321:		0,
        -:  322:		 -1,
        -:  323:		0,
        -:  324:		cannotBeOpened,
        -:  325:		cannotBeClosed,
        -:  326:		cannotBeLocked,
        -:  327:		cannotBeUnlocked
        -:  328:	},
        -:  329:	{	/* 13 = intoCave */
        -:  330:		condition13,
        -:  331:		 "a cave entrance to the east",
        -:  332:		tags13,
        -:  333:		 field,
        -:  334:		 cave,
        -:  335:		 cave,
        -:  336:		 "The entrance is just a narrow opening in a small outcrop.",
        -:  337:		"You see",
        -:  338:		 "You walk into the cave.",
        -:  339:		"I know nothing about that.",
        -:  340:		99,
        -:  341:		0,
        -:  342:		0,
        -:  343:		0,
        -:  344:		0,
        -:  345:		0,
        -:  346:		 isAlreadyOpen,
        -:  347:		cannotBeClosed,
        -:  348:		cannotBeLocked,
        -:  349:		cannotBeUnlocked
        -:  350:	},
        -:  351:	{	/* 14 = intoCaveBlocked */
        -:  352:		condition14,
        -:  353:		 "a cave entrance to the east",
        -:  354:		tags14,
        -:  355:		 field,
        -:  356:		NULL,
        -:  357:		 cave,
        -:  358:		 "The entrance is just a narrow opening in a small outcrop.",
        -:  359:		"You see",
        -:  360:		 "The guard stops you from walking into the cave.",
        -:  361:		"I know nothing about that.",
        -:  362:		99,
        -:  363:		0,
        -:  364:		0,
        -:  365:		0,
        -:  366:		0,
        -:  367:		0,
        -:  368:		 isAlreadyOpen,
        -:  369:		cannotBeClosed,
        -:  370:		cannotBeLocked,
        -:  371:		cannotBeUnlocked
        -:  372:	},
        -:  373:	{	/* 15 = exitCave */
        -:  374:		alwaysTrue,
        -:  375:		 "an exit to the west",
        -:  376:		tags15,
        -:  377:		 cave,
        -:  378:		 field,
        -:  379:		 field,
        -:  380:		 "Sunlight pours in through an opening in the cave's wall.",
        -:  381:		"You see",
        -:  382:		 "You walk out of the cave.",
        -:  383:		"I know nothing about that.",
        -:  384:		99,
        -:  385:		0,
        -:  386:		0,
        -:  387:		0,
        -:  388:		0,
        -:  389:		0,
        -:  390:		 isAlreadyOpen,
        -:  391:		cannotBeClosed,
        -:  392:		cannotBeLocked,
        -:  393:		cannotBeUnlocked
        -:  394:	},
        -:  395:	{	/* 16 = wallField */
        -:  396:		alwaysTrue,
        -:  397:		 "dense forest all around",
        -:  398:		tags16,
        -:  399:		 field,
        -:  400:		NULL,
        -:  401:		NULL,
        -:  402:		 "The field is surrounded by trees and undergrowth.",
        -:  403:		"You see",
        -:  404:		 "Dense forest is blocking the way.",
        -:  405:		 "You cannot go there, it is impenetrable.",
        -:  406:		99,
        -:  407:		0,
        -:  408:		0,
        -:  409:		0,
        -:  410:		0,
        -:  411:		0,
        -:  412:		cannotBeOpened,
        -:  413:		cannotBeClosed,
        -:  414:		cannotBeLocked,
        -:  415:		cannotBeUnlocked
        -:  416:	},
        -:  417:	{	/* 17 = wallCave */
        -:  418:		alwaysTrue,
        -:  419:		 "solid rock all around",
        -:  420:		tags17,
        -:  421:		 cave,
        -:  422:		NULL,
        -:  423:		NULL,
        -:  424:		 "Carved in stone is a secret password 'abccb'.",
        -:  425:		"You see",
        -:  426:		 "Solid rock is blocking the way.",
        -:  427:		"I know nothing about that.",
        -:  428:		99,
        -:  429:		0,
        -:  430:		0,
        -:  431:		0,
        -:  432:		0,
        -:  433:		0,
        -:  434:		cannotBeOpened,
        -:  435:		cannotBeClosed,
        -:  436:		cannotBeLocked,
        -:  437:		cannotBeUnlocked
        -:  438:	},
        -:  439:	{	/* 18 = backroom */
        -:  440:		alwaysTrue,
        -:  441:		 "a backroom",
        -:  442:		tags18,
        -:  443:		NULL,
        -:  444:		NULL,
        -:  445:		NULL,
        -:  446:		 "The room is dusty and messy.",
        -:  447:		"You see",
        -:  448:		"You can't get much closer than this.",
        -:  449:		 "There is something of value to be found there.",
        -:  450:		99,
        -:  451:		 9999,
        -:  452:		0,
        -:  453:		0,
        -:  454:		0,
        -:  455:		0,
        -:  456:		cannotBeOpened,
        -:  457:		cannotBeClosed,
        -:  458:		cannotBeLocked,
        -:  459:		cannotBeUnlocked
        -:  460:	},
        -:  461:	{	/* 19 = wallBackroom */
        -:  462:		alwaysTrue,
        -:  463:		 "solid rock all around",
        -:  464:		tags19,
        -:  465:		 backroom,
        -:  466:		NULL,
        -:  467:		NULL,
        -:  468:		 "Trendy wallpaper covers the rock walls.",
        -:  469:		"You see",
        -:  470:		 "Solid rock is blocking the way.",
        -:  471:		"I know nothing about that.",
        -:  472:		99,
        -:  473:		0,
        -:  474:		0,
        -:  475:		0,
        -:  476:		0,
        -:  477:		0,
        -:  478:		cannotBeOpened,
        -:  479:		cannotBeClosed,
        -:  480:		cannotBeLocked,
        -:  481:		cannotBeUnlocked
        -:  482:	},
        -:  483:	{	/* 20 = openDoorToBackroom */
        -:  484:		alwaysTrue,
        -:  485:		 "an open door to the south",
        -:  486:		tags20,
        -:  487:		NULL,
        -:  488:		 backroom,
        -:  489:		 backroom,
        -:  490:		 "The door is open.",
        -:  491:		"You see",
        -:  492:		 "You walk through the door into a backroom.",
        -:  493:		"I know nothing about that.",
        -:  494:		99,
        -:  495:		0,
        -:  496:		0,
        -:  497:		0,
        -:  498:		0,
        -:  499:		0,
        -:  500:		 isAlreadyOpen,
        -:  501:		 toggleDoorToBackroom,
        -:  502:		cannotBeLocked,
        -:  503:		cannotBeUnlocked
        -:  504:	},
        -:  505:	{	/* 21 = closedDoorToBackroom */
        -:  506:		alwaysTrue,
        -:  507:		 "a closed door to the south",
        -:  508:		tags21,
        -:  509:		 cave,
        -:  510:		NULL,
        -:  511:		 backroom,
        -:  512:		 "The door is closed.",
        -:  513:		"You see",
        -:  514:		 "The door is closed.",
        -:  515:		"I know nothing about that.",
        -:  516:		99,
        -:  517:		0,
        -:  518:		0,
        -:  519:		0,
        -:  520:		0,
        -:  521:		0,
        -:  522:		 toggleDoorToBackroom,
        -:  523:		 isAlreadyClosed,
        -:  524:		cannotBeLocked,
        -:  525:		cannotBeUnlocked
        -:  526:	},
        -:  527:	{	/* 22 = openDoorToCave */
        -:  528:		alwaysTrue,
        -:  529:		 "an open door to the north",
        -:  530:		tags22,
        -:  531:		NULL,
        -:  532:		 cave,
        -:  533:		 cave,
        -:  534:		 "The door is open.",
        -:  535:		"You see",
        -:  536:		 "You walk through the door into the cave.",
        -:  537:		"I know nothing about that.",
        -:  538:		99,
        -:  539:		0,
        -:  540:		0,
        -:  541:		0,
        -:  542:		0,
        -:  543:		0,
        -:  544:		 isAlreadyOpen,
        -:  545:		 toggleDoorToCave,
        -:  546:		cannotBeLocked,
        -:  547:		cannotBeUnlocked
        -:  548:	},
        -:  549:	{	/* 23 = closedDoorToCave */
        -:  550:		alwaysTrue,
        -:  551:		 "a closed door to the north",
        -:  552:		tags23,
        -:  553:		 backroom,
        -:  554:		NULL,
        -:  555:		 cave,
        -:  556:		 "The door is closed.",
        -:  557:		"You see",
        -:  558:		 "The door is closed.",
        -:  559:		"I know nothing about that.",
        -:  560:		99,
        -:  561:		0,
        -:  562:		0,
        -:  563:		0,
        -:  564:		0,
        -:  565:		0,
        -:  566:		 toggleDoorToCave,
        -:  567:		 isAlreadyClosed,
        -:  568:		cannotBeLocked,
        -:  569:		cannotBeUnlocked
        -:  570:	},
        -:  571:	{	/* 24 = openBox */
        -:  572:		alwaysTrue,
        -:  573:		 "a wooden box",
        -:  574:		tags24,
        -:  575:		NULL,
        -:  576:		NULL,
        -:  577:		NULL,
        -:  578:		 "The box is open.",
        -:  579:		"You see",
        -:  580:		"You can't get much closer than this.",
        -:  581:		 "You need a key to open it.",
        -:  582:		 5,
        -:  583:		 10,
        -:  584:		0,
        -:  585:		0,
        -:  586:		0,
        -:  587:		0,
        -:  588:		 isAlreadyOpen,
        -:  589:		 toggleBox,
        -:  590:		 isStillOpen,
        -:  591:		 isAlreadyOpen
        -:  592:	},
        -:  593:	{	/* 25 = closedBox */
        -:  594:		alwaysTrue,
        -:  595:		 "a wooden box",
        -:  596:		tags25,
        -:  597:		NULL,
        -:  598:		NULL,
        -:  599:		NULL,
        -:  600:		 "The box is closed.",
        -:  601:		"You see",
        -:  602:		"You can't get much closer than this.",
        -:  603:		"I know nothing about that.",
        -:  604:		 5,
        -:  605:		0,
        -:  606:		0,
        -:  607:		0,
        -:  608:		0,
        -:  609:		0,
        -:  610:		 toggleBox,
        -:  611:		 isAlreadyClosed,
        -:  612:		 toggleBoxLock,
        -:  613:		 isAlreadyUnlocked
        -:  614:	},
        -:  615:	{	/* 26 = lockedBox */
        -:  616:		alwaysTrue,
        -:  617:		 "a wooden box",
        -:  618:		tags26,
        -:  619:		 backroom,
        -:  620:		NULL,
        -:  621:		NULL,
        -:  622:		 "The box is closed.",
        -:  623:		"You see",
        -:  624:		"You can't get much closer than this.",
        -:  625:		"I know nothing about that.",
        -:  626:		 5,
        -:  627:		0,
        -:  628:		0,
        -:  629:		0,
        -:  630:		0,
        -:  631:		0,
        -:  632:		 isStillLocked,
        -:  633:		 isAlreadyClosed,
        -:  634:		 isAlreadyLocked,
        -:  635:		 toggleBoxLock
        -:  636:	},
        -:  637:	{	/* 27 = keyForBox */
        -:  638:		alwaysTrue,
        -:  639:		 "a tiny key",
        -:  640:		tags27,
        -:  641:		 cave,
        -:  642:		NULL,
        -:  643:		NULL,
        -:  644:		 "The key is really small and shiny.",
        -:  645:		"You see",
        -:  646:		"You can't get much closer than this.",
        -:  647:		 "A small key opens a small lock.",
        -:  648:		 1,
        -:  649:		0,
        -:  650:		0,
        -:  651:		0,
        -:  652:		0,
        -:  653:		0,
        -:  654:		cannotBeOpened,
        -:  655:		cannotBeClosed,
        -:  656:		cannotBeLocked,
        -:  657:		cannotBeUnlocked
        -:  658:	},
        -:  659:	{	/* 28 = lampOff */
        -:  660:		alwaysTrue,
        -:  661:		 "a lamp",
        -:  662:		tags28,
        -:  663:		 field,
        -:  664:		NULL,
        -:  665:		NULL,
        -:  666:		 "The lamp is off.",
        -:  667:		"You see",
        -:  668:		"You can't get much closer than this.",
        -:  669:		 "Essential in dark areas.",
        -:  670:		 5,
        -:  671:		0,
        -:  672:		0,
        -:  673:		0,
        -:  674:		0,
        -:  675:		0,
        -:  676:		cannotBeOpened,
        -:  677:		cannotBeClosed,
        -:  678:		cannotBeLocked,
        -:  679:		cannotBeUnlocked
        -:  680:	},
        -:  681:	{	/* 29 = lampOn */
        -:  682:		alwaysTrue,
        -:  683:		 "a lamp",
        -:  684:		tags29,
        -:  685:		NULL,
        -:  686:		NULL,
        -:  687:		NULL,
        -:  688:		 "The lamp is on.",
        -:  689:		"You see",
        -:  690:		"You can't get much closer than this.",
        -:  691:		"I know nothing about that.",
        -:  692:		 5,
        -:  693:		0,
        -:  694:		0,
        -:  695:		 100,
        -:  696:		0,
        -:  697:		0,
        -:  698:		cannotBeOpened,
        -:  699:		cannotBeClosed,
        -:  700:		cannotBeLocked,
        -:  701:		cannotBeUnlocked
        -:  702:	},
        -:  703:	{	/* 30 = club */
        -:  704:		alwaysTrue,
        -:  705:		 "a wooden club",
        -:  706:		tags30,
        -:  707:		 field,
        -:  708:		NULL,
        -:  709:		NULL,
        -:  710:		 "Two feet of solid wood.",
        -:  711:		"You see",
        -:  712:		"You can't get much closer than this.",
        -:  713:		"I know nothing about that.",
        -:  714:		 5,
        -:  715:		0,
        -:  716:		0,
        -:  717:		0,
        -:  718:		 -2,
        -:  719:		0,
        -:  720:		cannotBeOpened,
        -:  721:		cannotBeClosed,
        -:  722:		cannotBeLocked,
        -:  723:		cannotBeUnlocked
        -:  724:	},
        -:  725:	{	/* 31 = dagger */
        -:  726:		alwaysTrue,
        -:  727:		 "a dagger",
        -:  728:		tags31,
        -:  729:		 field,
        -:  730:		NULL,
        -:  731:		NULL,
        -:  732:		 "The dagger is very sharp.",
        -:  733:		"You see",
        -:  734:		"You can't get much closer than this.",
        -:  735:		"I know nothing about that.",
        -:  736:		 7,
        -:  737:		0,
        -:  738:		0,
        -:  739:		0,
        -:  740:		 -5,
        -:  741:		0,
        -:  742:		cannotBeOpened,
        -:  743:		cannotBeClosed,
        -:  744:		cannotBeLocked,
        -:  745:		cannotBeUnlocked
        -:  746:	}
        -:  747:}, *player = nobody;
